  utility.cpp
C:\Users\laril\source\repos\tamk_lib\utility.cpp(20,7): error C2039:  'vector': is not a member of 'std'
C:\Users\laril\source\repos\tamk_lib\predefined C++ types (compiler internal)(262): message :  see declaration of 'std'
C:\Users\laril\source\repos\tamk_lib\utility.cpp(20,13): error C2988:  unrecognizable template declaration/definition
C:\Users\laril\source\repos\tamk_lib\utility.cpp(20,13): error C2143:  syntax error: missing ';' before '<'
C:\Users\laril\source\repos\tamk_lib\utility.cpp(20,13): error C2059:  syntax error: '<'
C:\Users\laril\source\repos\tamk_lib\utility.cpp(20,42): error C2039:  'string': is not a member of 'std'
C:\Users\laril\source\repos\tamk_lib\predefined C++ types (compiler internal)(262): message :  see declaration of 'std'
C:\Users\laril\source\repos\tamk_lib\utility.cpp(20,57): error C2143:  syntax error: missing ';' before '{'
C:\Users\laril\source\repos\tamk_lib\utility.cpp(20,57): error C2447:  '{': missing function header (old-style formal list?)
C:\Users\laril\source\repos\tamk_lib\utility.cpp(44,7): error C2039:  'vector': is not a member of 'std'
C:\Users\laril\source\repos\tamk_lib\predefined C++ types (compiler internal)(262): message :  see declaration of 'std'
C:\Users\laril\source\repos\tamk_lib\utility.cpp(44,13): error C2988:  unrecognizable template declaration/definition
C:\Users\laril\source\repos\tamk_lib\utility.cpp(44,13): error C2143:  syntax error: missing ';' before '<'
C:\Users\laril\source\repos\tamk_lib\utility.cpp(44,19): error C2039:  'string': is not a member of 'std'
C:\Users\laril\source\repos\tamk_lib\predefined C++ types (compiler internal)(262): message :  see declaration of 'std'
C:\Users\laril\source\repos\tamk_lib\utility.cpp(44,45): error C2039:  'string': is not a member of 'std'
C:\Users\laril\source\repos\tamk_lib\predefined C++ types (compiler internal)(262): message :  see declaration of 'std'
C:\Users\laril\source\repos\tamk_lib\utility.cpp(44,60): error C2039:  'string': is not a member of 'std'
C:\Users\laril\source\repos\tamk_lib\predefined C++ types (compiler internal)(262): message :  see declaration of 'std'
C:\Users\laril\source\repos\tamk_lib\utility.cpp(44,78): error C2143:  syntax error: missing ';' before '{'
C:\Users\laril\source\repos\tamk_lib\utility.cpp(44,78): error C2447:  '{': missing function header (old-style formal list?)
